{"level":"info","message":"Server Listening on port 5000..."}
{"level":"info","message":"Connect to Database..."}
{"level":"info","message":"Server Listening on port 5000..."}
{"level":"error","message":"Operation `categories.findOne()` buffering timed out after 10000ms Operation `categories.findOne()` buffering timed out after 10000ms","stack":"MongooseError: Operation `categories.findOne()` buffering timed out after 10000ms\n    at Timeout.<anonymous> (E:\\projects\\node apps\\blog-api\\node_modules\\mongoose\\lib\\drivers\\node-mongodb-native\\collection.js:151:23)\n    at listOnTimeout (internal/timers.js:557:17)\n    at processTimers (internal/timers.js:500:7)"}
{"level":"error","message":"Operation `categories.findOne()` buffering timed out after 10000ms Operation `categories.findOne()` buffering timed out after 10000ms","stack":"MongooseError: Operation `categories.findOne()` buffering timed out after 10000ms\n    at Timeout.<anonymous> (E:\\projects\\node apps\\blog-api\\node_modules\\mongoose\\lib\\drivers\\node-mongodb-native\\collection.js:151:23)\n    at listOnTimeout (internal/timers.js:557:17)\n    at processTimers (internal/timers.js:500:7)"}
{"level":"info","message":"Server Listening on port 5000..."}
{"level":"error","message":"Operation `categories.findOne()` buffering timed out after 10000ms Operation `categories.findOne()` buffering timed out after 10000ms","stack":"MongooseError: Operation `categories.findOne()` buffering timed out after 10000ms\n    at Timeout.<anonymous> (E:\\projects\\node apps\\blog-api\\node_modules\\mongoose\\lib\\drivers\\node-mongodb-native\\collection.js:151:23)\n    at listOnTimeout (internal/timers.js:557:17)\n    at processTimers (internal/timers.js:500:7)"}
{"level":"info","message":"Server Listening on port 5000..."}
{"level":"error","message":"Operation `users.findOne()` buffering timed out after 10000ms Operation `users.findOne()` buffering timed out after 10000ms","stack":"MongooseError: Operation `users.findOne()` buffering timed out after 10000ms\n    at Timeout.<anonymous> (E:\\projects\\node apps\\blog-api\\node_modules\\mongoose\\lib\\drivers\\node-mongodb-native\\collection.js:151:23)\n    at listOnTimeout (internal/timers.js:557:17)\n    at processTimers (internal/timers.js:500:7)"}
{"level":"info","message":"Server Listening on port 5000..."}
{"level":"error","message":"Operation `users.findOne()` buffering timed out after 10000ms Operation `users.findOne()` buffering timed out after 10000ms","stack":"MongooseError: Operation `users.findOne()` buffering timed out after 10000ms\n    at Timeout.<anonymous> (E:\\projects\\node apps\\blog-api\\node_modules\\mongoose\\lib\\drivers\\node-mongodb-native\\collection.js:151:23)\n    at listOnTimeout (internal/timers.js:557:17)\n    at processTimers (internal/timers.js:500:7)"}
{"level":"info","message":"Server Listening on port 5000..."}
{"level":"info","message":"Connect to Database..."}
{"level":"info","message":"Server Listening on port 5000..."}
{"level":"info","message":"Connect to Database..."}
{"level":"info","message":"Server Listening on port 5000..."}
{"level":"info","message":"Connect to Database..."}
{"level":"info","message":"Server Listening on port 5000..."}
{"level":"info","message":"Connect to Database..."}
{"level":"info","message":"Server Listening on port 5000..."}
{"level":"info","message":"Connect to Database..."}
{"level":"info","message":"Server Listening on port 5000..."}
{"level":"info","message":"Connect to Database..."}
{"level":"info","message":"Server Listening on port 5000..."}
{"level":"info","message":"Connect to Database..."}
{"level":"info","message":"Server Listening on port 5000..."}
{"level":"info","message":"Connect to Database..."}
{"level":"error","message":"newComment is not defined newComment is not defined","stack":"ReferenceError: newComment is not defined\n    at E:\\projects\\node apps\\blog-api\\routes\\comments.js:38:3\n    at processTicksAndRejections (internal/process/task_queues.js:95:5)"}
{"level":"info","message":"Server Listening on port 5000..."}
{"level":"info","message":"Connect to Database..."}
{"level":"info","message":"Server Listening on port 5000..."}
{"level":"info","message":"Connect to Database..."}
{"level":"info","message":"Server Listening on port 5000..."}
{"level":"info","message":"Server Listening on port 5000..."}
{"level":"info","message":"Connect to Database..."}
{"level":"info","message":"Server Listening on port 5000..."}
{"level":"info","message":"Connect to Database..."}
{"level":"info","message":"Server Listening on port 5000..."}
{"level":"info","message":"Connect to Database..."}
{"level":"error","message":"userId is not defined userId is not defined","stack":"ReferenceError: userId is not defined\n    at E:\\projects\\node apps\\blog-api\\routes\\articles.js:164:53\n    at newFn (E:\\projects\\node apps\\blog-api\\node_modules\\express-async-errors\\index.js:16:20)\n    at Layer.handle [as handle_request] (E:\\projects\\node apps\\blog-api\\node_modules\\express\\lib\\router\\layer.js:95:5)\n    at next (E:\\projects\\node apps\\blog-api\\node_modules\\express\\lib\\router\\route.js:144:13)\n    at module.exports (E:\\projects\\node apps\\blog-api\\middleware\\validateObjectId.js:8:3)\n    at newFn (E:\\projects\\node apps\\blog-api\\node_modules\\express-async-errors\\index.js:16:20)\n    at Layer.handle [as handle_request] (E:\\projects\\node apps\\blog-api\\node_modules\\express\\lib\\router\\layer.js:95:5)\n    at next (E:\\projects\\node apps\\blog-api\\node_modules\\express\\lib\\router\\route.js:144:13)\n    at Route.dispatch (E:\\projects\\node apps\\blog-api\\node_modules\\express\\lib\\router\\route.js:114:3)\n    at newFn (E:\\projects\\node apps\\blog-api\\node_modules\\express-async-errors\\index.js:16:20)"}
{"level":"info","message":"Server Listening on port 5000..."}
{"level":"info","message":"Connect to Database..."}
{"level":"info","message":"Server Listening on port 5000..."}
{"level":"info","message":"Connect to Database..."}
{"level":"info","message":"Server Listening on port 5000..."}
{"level":"info","message":"Connect to Database..."}
{"level":"info","message":"Server Listening on port 5000..."}
{"level":"info","message":"Connect to Database..."}
{"level":"info","message":"Server Listening on port 5000..."}
{"level":"info","message":"Connect to Database..."}
{"level":"info","message":"Server Listening on port 5000..."}
{"level":"info","message":"Connect to Database..."}
{"level":"info","message":"Server Listening on port 5000..."}
{"level":"info","message":"Connect to Database..."}
{"level":"info","message":"Server Listening on port 5000..."}
{"level":"info","message":"Connect to Database..."}
{"level":"info","message":"Server Listening on port 5000..."}
{"level":"info","message":"Connect to Database..."}
{"level":"info","message":"Server Listening on port 5000..."}
{"level":"info","message":"Connect to Database..."}
{"level":"info","message":"Server Listening on port 5000..."}
{"level":"info","message":"Connect to Database..."}
{"level":"info","message":"Server Listening on port 5000..."}
{"level":"info","message":"Connect to Database..."}
{"level":"info","message":"Server Listening on port 5000..."}
{"level":"info","message":"Connect to Database..."}
{"level":"info","message":"Server Listening on port 5000..."}
{"level":"info","message":"Connect to Database..."}
{"level":"info","message":"Server Listening on port 5000..."}
{"level":"info","message":"Connect to Database..."}
{"level":"info","message":"Server Listening on port 5000..."}
{"level":"info","message":"Connect to Database..."}
{"level":"info","message":"Server Listening on port 5000..."}
{"level":"info","message":"Connect to Database..."}
{"level":"info","message":"Server Listening on port 5000..."}
{"level":"info","message":"Connect to Database..."}
{"level":"info","message":"Server Listening on port 5000..."}
{"level":"info","message":"Connect to Database..."}
{"level":"info","message":"Server Listening on port 5000..."}
{"level":"info","message":"Connect to Database..."}
{"level":"info","message":"Server Listening on port 5000..."}
{"level":"info","message":"Connect to Database..."}
{"level":"info","message":"Server Listening on port 5000..."}
{"level":"info","message":"Connect to Database..."}
{"level":"info","message":"Server Listening on port 5000..."}
{"level":"info","message":"Connect to Database..."}
{"level":"info","message":"Server Listening on port 5000..."}
{"level":"info","message":"Connect to Database..."}
{"level":"info","message":"Server Listening on port 5000..."}
{"level":"info","message":"Connect to Database..."}
{"level":"info","message":"Server Listening on port 5000..."}
{"level":"info","message":"Connect to Database..."}
{"level":"info","message":"Server Listening on port 5000..."}
{"level":"info","message":"Connect to Database..."}
{"level":"info","message":"Server Listening on port 5000..."}
{"level":"info","message":"Connect to Database..."}
{"level":"info","message":"Server Listening on port 5000..."}
{"level":"info","message":"Connect to Database..."}
{"level":"info","message":"Server Listening on port 5000..."}
{"level":"info","message":"Connect to Database..."}
{"level":"info","message":"Server Listening on port 5000..."}
{"level":"info","message":"Connect to Database..."}
{"level":"info","message":"Server Listening on port 5000..."}
{"level":"info","message":"Connect to Database..."}
